# JRE version: Java(TM) SE Runtime Environment (8.0_66-b17) (build 1.8.0_66-b17)
# Java VM: Java HotSpot(TM) 64-Bit Server VM (25.66-b17 mixed mode windows-amd64 compressed oops)
Heap:
 PSYoungGen      total 22528K, used 10542K [0x00000000e0000000, 0x00000000e1b00000, 0x0000000100000000)
  eden space 20480K, 43% used [0x00000000e0000000,0x00000000e08b3bc0,0x00000000e1400000)
  from space 2048K, 79% used [0x00000000e1400000,0x00000000e1598000,0x00000000e1600000)
  to   space 3584K, 0% used [0x00000000e1780000,0x00000000e1780000,0x00000000e1b00000)
 ParOldGen       total 38400K, used 17474K [0x00000000a0000000, 0x00000000a2580000, 0x00000000e0000000)
  object space 38400K, 45% used [0x00000000a0000000,0x00000000a1110968,0x00000000a2580000)
 Metaspace       used 37333K, capacity 38995K, committed 39168K, reserved 1083392K
  class space    used 5264K, capacity 5608K, committed 5632K, reserved 1048576K
GC Heap History (10 events):
Event: 67.688 GC heap before
{Heap before GC invocations=29 (full 2):
 PSYoungGen      total 18432K, used 177K [0x00000000e0000000, 0x00000000e1a00000, 0x0000000100000000)
  eden space 14336K, 0% used [0x00000000e0000000,0x00000000e0000000,0x00000000e0e00000)
  from space 4096K, 4% used [0x00000000e0e00000,0x00000000e0e2c6a8,0x00000000e1200000)
  to   space 4096K, 0% used [0x00000000e1600000,0x00000000e1600000,0x00000000e1a00000)
 ParOldGen       total 24576K, used 15423K [0x00000000a0000000, 0x00000000a1800000, 0x00000000e0000000)
  object space 24576K, 62% used [0x00000000a0000000,0x00000000a0f0fd48,0x00000000a1800000)
 Metaspace       used 34285K, capacity 35391K, committed 35416K, reserved 1079296K
  class space    used 4846K, capacity 5095K, committed 5120K, reserved 1048576K
Event: 67.867 GC heap after
Heap after GC invocations=29 (full 2):
 PSYoungGen      total 18432K, used 0K [0x00000000e0000000, 0x00000000e1a00000, 0x0000000100000000)
  eden space 14336K, 0% used [0x00000000e0000000,0x00000000e0000000,0x00000000e0e00000)
  from space 4096K, 0% used [0x00000000e0e00000,0x00000000e0e00000,0x00000000e1200000)
  to   space 4096K, 0% used [0x00000000e1600000,0x00000000e1600000,0x00000000e1a00000)
 ParOldGen       total 38400K, used 15116K [0x00000000a0000000, 0x00000000a2580000, 0x00000000e0000000)
  object space 38400K, 39% used [0x00000000a0000000,0x00000000a0ec3258,0x00000000a2580000)
 Metaspace       used 34285K, capacity 35391K, committed 35416K, reserved 1079296K
  class space    used 4846K, capacity 5095K, committed 5120K, reserved 1048576K
}
Event: 68.271 GC heap before
{Heap before GC invocations=30 (full 2):
 PSYoungGen      total 18432K, used 14336K [0x00000000e0000000, 0x00000000e1a00000, 0x0000000100000000)
  eden space 14336K, 100% used [0x00000000e0000000,0x00000000e0e00000,0x00000000e0e00000)
  from space 4096K, 0% used [0x00000000e0e00000,0x00000000e0e00000,0x00000000e1200000)
  to   space 4096K, 0% used [0x00000000e1600000,0x00000000e1600000,0x00000000e1a00000)
 ParOldGen       total 38400K, used 15116K [0x00000000a0000000, 0x00000000a2580000, 0x00000000e0000000)
  object space 38400K, 39% used [0x00000000a0000000,0x00000000a0ec3258,0x00000000a2580000)
 Metaspace       used 34993K, capacity 36197K, committed 36224K, reserved 1081344K
  class space    used 4959K, capacity 5226K, committed 5248K, reserved 1048576K
Event: 68.274 GC heap after
Heap after GC invocations=30 (full 2):
 PSYoungGen      total 20480K, used 1130K [0x00000000e0000000, 0x00000000e1900000, 0x0000000100000000)
  eden space 17408K, 0% used [0x00000000e0000000,0x00000000e0000000,0x00000000e1100000)
  from space 3072K, 36% used [0x00000000e1600000,0x00000000e171abd0,0x00000000e1900000)
  to   space 4096K, 0% used [0x00000000e1100000,0x00000000e1100000,0x00000000e1500000)
 ParOldGen       total 38400K, used 15124K [0x00000000a0000000, 0x00000000a2580000, 0x00000000e0000000)
  object space 38400K, 39% used [0x00000000a0000000,0x00000000a0ec5258,0x00000000a2580000)
 Metaspace       used 34993K, capacity 36197K, committed 36224K, reserved 1081344K
  class space    used 4959K, capacity 5226K, committed 5248K, reserved 1048576K
}
Event: 72.071 GC heap before
{Heap before GC invocations=31 (full 2):
 PSYoungGen      total 20480K, used 18538K [0x00000000e0000000, 0x00000000e1900000, 0x0000000100000000)
  eden space 17408K, 100% used [0x00000000e0000000,0x00000000e1100000,0x00000000e1100000)
  from space 3072K, 36% used [0x00000000e1600000,0x00000000e171abd0,0x00000000e1900000)
  to   space 4096K, 0% used [0x00000000e1100000,0x00000000e1100000,0x00000000e1500000)
 ParOldGen       total 38400K, used 15124K [0x00000000a0000000, 0x00000000a2580000, 0x00000000e0000000)
  object space 38400K, 39% used [0x00000000a0000000,0x00000000a0ec5258,0x00000000a2580000)
 Metaspace       used 35976K, capacity 37223K, committed 37376K, reserved 1081344K
  class space    used 5097K, capacity 5361K, committed 5376K, reserved 1048576K
Event: 72.074 GC heap after
Heap after GC invocations=31 (full 2):
 PSYoungGen      total 21504K, used 1664K [0x00000000e0000000, 0x00000000e1c80000, 0x0000000100000000)
  eden space 17408K, 0% used [0x00000000e0000000,0x00000000e0000000,0x00000000e1100000)
  from space 4096K, 40% used [0x00000000e1100000,0x00000000e12a00e0,0x00000000e1500000)
  to   space 4096K, 0% used [0x00000000e1880000,0x00000000e1880000,0x00000000e1c80000)
 ParOldGen       total 38400K, used 15356K [0x00000000a0000000, 0x00000000a2580000, 0x00000000e0000000)
  object space 38400K, 39% used [0x00000000a0000000,0x00000000a0eff0e8,0x00000000a2580000)
 Metaspace       used 35976K, capacity 37223K, committed 37376K, reserved 1081344K
  class space    used 5097K, capacity 5361K, committed 5376K, reserved 1048576K
}
Event: 81.666 GC heap before
{Heap before GC invocations=32 (full 2):
 PSYoungGen      total 21504K, used 19072K [0x00000000e0000000, 0x00000000e1c80000, 0x0000000100000000)
  eden space 17408K, 100% used [0x00000000e0000000,0x00000000e1100000,0x00000000e1100000)
  from space 4096K, 40% used [0x00000000e1100000,0x00000000e12a00e0,0x00000000e1500000)
  to   space 4096K, 0% used [0x00000000e1880000,0x00000000e1880000,0x00000000e1c80000)
 ParOldGen       total 38400K, used 15356K [0x00000000a0000000, 0x00000000a2580000, 0x00000000e0000000)
  object space 38400K, 39% used [0x00000000a0000000,0x00000000a0eff0e8,0x00000000a2580000)
 Metaspace       used 36762K, capacity 38183K, committed 38272K, reserved 1081344K
  class space    used 5192K, capacity 5471K, committed 5504K, reserved 1048576K
Event: 81.670 GC heap after
Heap after GC invocations=32 (full 2):
 PSYoungGen      total 24064K, used 1959K [0x00000000e0000000, 0x00000000e1c00000, 0x0000000100000000)
  eden space 20480K, 0% used [0x00000000e0000000,0x00000000e0000000,0x00000000e1400000)
  from space 3584K, 54% used [0x00000000e1880000,0x00000000e1a69fb0,0x00000000e1c00000)
  to   space 4096K, 0% used [0x00000000e1400000,0x00000000e1400000,0x00000000e1800000)
 ParOldGen       total 38400K, used 16050K [0x00000000a0000000, 0x00000000a2580000, 0x00000000e0000000)
  object space 38400K, 41% used [0x00000000a0000000,0x00000000a0fac968,0x00000000a2580000)
 Metaspace       used 36762K, capacity 38183K, committed 38272K, reserved 1081344K
  class space    used 5192K, capacity 5471K, committed 5504K, reserved 1048576K
}
Event: 95.552 GC heap before
{Heap before GC invocations=33 (full 2):
 PSYoungGen      total 24064K, used 22439K [0x00000000e0000000, 0x00000000e1c00000, 0x0000000100000000)
  eden space 20480K, 100% used [0x00000000e0000000,0x00000000e1400000,0x00000000e1400000)
  from space 3584K, 54% used [0x00000000e1880000,0x00000000e1a69fb0,0x00000000e1c00000)
  to   space 4096K, 0% used [0x00000000e1400000,0x00000000e1400000,0x00000000e1800000)
 ParOldGen       total 38400K, used 16050K [0x00000000a0000000, 0x00000000a2580000, 0x00000000e0000000)
  object space 38400K, 41% used [0x00000000a0000000,0x00000000a0fac968,0x00000000a2580000)
 Metaspace       used 37094K, capacity 38683K, committed 38912K, reserved 1083392K
  class space    used 5234K, capacity 5557K, committed 5632K, reserved 1048576K
Event: 95.557 GC heap after
Heap after GC invocations=33 (full 2):
 PSYoungGen      total 22528K, used 1632K [0x00000000e0000000, 0x00000000e1b00000, 0x0000000100000000)
  eden space 20480K, 0% used [0x00000000e0000000,0x00000000e0000000,0x00000000e1400000)
  from space 2048K, 79% used [0x00000000e1400000,0x00000000e1598000,0x00000000e1600000)
  to   space 3584K, 0% used [0x00000000e1780000,0x00000000e1780000,0x00000000e1b00000)
 ParOldGen       total 38400K, used 17474K [0x00000000a0000000, 0x00000000a2580000, 0x00000000e0000000)
  object space 38400K, 45% used [0x00000000a0000000,0x00000000a1110968,0x00000000a2580000)
 Metaspace       used 37094K, capacity 38683K, committed 38912K, reserved 1083392K
  class space    used 5234K, capacity 5557K, committed 5632K, reserved 1048576K
}

